<?xml version="1.0" encoding="UTF-8"?>
<testsuite xmlns:xsi="http://www.w3.org/2001/XMLSchema-instance" xsi:noNamespaceSchemaLocation="https://maven.apache.org/surefire/maven-surefire-plugin/xsd/surefire-test-report-3.0.xsd" version="3.0" name="com.function.GraphqlClassFunctionTest" time="1.069" tests="2" errors="0" skipped="0" failures="0">
  <properties>
[...]
</properties>
  <testcase name="testInvalidGraphqlFieldReturnsBadRequest" classname="com.function.GraphqlClassFunctionTest" time="0.9">
    <system-err><![CDATA[abr 01, 2026 8:55:12 P. M. com.function.GraphqlClassFunction run
INFO: Executing GraphQL classroom example
]]></system-err>
  </testcase>
  <testcase name="testGraphqlQueryFromBodyReturnsData" classname="com.function.GraphqlClassFunctionTest" time="0.165">
    <system-err><![CDATA[abr 01, 2026 8:55:12 P. M. com.function.GraphqlClassFunction run
INFO: Executing GraphQL classroom example
]]></system-err>
  </testcase>
</testsuite>